  Source.cpp
D:\計算機程式期末project\Game\Source.cpp(193,57): warning C4244: '引數': 將 'T' 轉換為 'float'，由於類型不同，可能導致資料遺失
D:\計算機程式期末project\Game\Source.cpp(193,57): warning C4244:         with
D:\計算機程式期末project\Game\Source.cpp(193,57): warning C4244:         [
D:\計算機程式期末project\Game\Source.cpp(193,57): warning C4244:             T=unsigned int
D:\計算機程式期末project\Game\Source.cpp(193,57): warning C4244:         ]
D:\計算機程式期末project\Game\Source.cpp(199,84): warning C4244: '引數': 將 'T' 轉換為 'float'，由於類型不同，可能導致資料遺失
D:\計算機程式期末project\Game\Source.cpp(199,84): warning C4244:         with
D:\計算機程式期末project\Game\Source.cpp(199,84): warning C4244:         [
D:\計算機程式期末project\Game\Source.cpp(199,84): warning C4244:             T=unsigned int
D:\計算機程式期末project\Game\Source.cpp(199,84): warning C4244:         ]
D:\計算機程式期末project\Game\Source.cpp(311,34): warning C4305: '+=': 從 'double' 轉換為 'float'，是由較大的類型轉換為較小的類型，可能導致資料遺失
D:\計算機程式期末project\Game\Source.cpp(314,101): warning C4244: '引數': 將 'double' 轉換為 'float'，由於類型不同，可能導致資料遺失
D:\計算機程式期末project\Game\Source.cpp(318,102): warning C4244: '引數': 將 'double' 轉換為 'float'，由於類型不同，可能導致資料遺失
D:\計算機程式期末project\Game\Source.cpp(336,51): warning C4244: '引數': 將 'double' 轉換為 'T'，由於類型不同，可能導致資料遺失
D:\計算機程式期末project\Game\Source.cpp(336,51): warning C4244:         with
D:\計算機程式期末project\Game\Source.cpp(336,51): warning C4244:         [
D:\計算機程式期末project\Game\Source.cpp(336,51): warning C4244:             T=float
D:\計算機程式期末project\Game\Source.cpp(336,51): warning C4244:         ]
D:\計算機程式期末project\Game\Source.cpp(338,29): warning C4305: '+=': 從 'double' 轉換為 'float'，是由較大的類型轉換為較小的類型，可能導致資料遺失
D:\計算機程式期末project\Game\Source.cpp(339,53): warning C4244: '引數': 將 'double' 轉換為 'T'，由於類型不同，可能導致資料遺失
D:\計算機程式期末project\Game\Source.cpp(339,53): warning C4244:         with
D:\計算機程式期末project\Game\Source.cpp(339,53): warning C4244:         [
D:\計算機程式期末project\Game\Source.cpp(339,53): warning C4244:             T=float
D:\計算機程式期末project\Game\Source.cpp(339,53): warning C4244:         ]
D:\計算機程式期末project\Game\Source.cpp(342,27): warning C4305: '+=': 從 'double' 轉換為 'float'，是由較大的類型轉換為較小的類型，可能導致資料遺失
D:\計算機程式期末project\Game\Source.cpp(343,53): warning C4244: '引數': 將 'double' 轉換為 'T'，由於類型不同，可能導致資料遺失
D:\計算機程式期末project\Game\Source.cpp(343,53): warning C4244:         with
D:\計算機程式期末project\Game\Source.cpp(343,53): warning C4244:         [
D:\計算機程式期末project\Game\Source.cpp(343,53): warning C4244:             T=float
D:\計算機程式期末project\Game\Source.cpp(343,53): warning C4244:         ]
D:\計算機程式期末project\Game\Source.cpp(373,33): warning C4244: '引數': 將 'double' 轉換為 'float'，由於類型不同，可能導致資料遺失
D:\計算機程式期末project\Game\Source.cpp(374,34): warning C4244: '引數': 將 'double' 轉換為 'float'，由於類型不同，可能導致資料遺失
D:\計算機程式期末project\Game\Source.cpp(375,34): warning C4244: '引數': 將 'double' 轉換為 'float'，由於類型不同，可能導致資料遺失
D:\計算機程式期末project\Game\Source.cpp(385,35): warning C4305: '+=': 從 'double' 轉換為 'float'，是由較大的類型轉換為較小的類型，可能導致資料遺失
D:\計算機程式期末project\Game\Source.cpp(391,35): warning C4305: '+=': 從 'double' 轉換為 'float'，是由較大的類型轉換為較小的類型，可能導致資料遺失
D:\計算機程式期末project\Game\Source.cpp(428,35): warning C4305: '+=': 從 'double' 轉換為 'float'，是由較大的類型轉換為較小的類型，可能導致資料遺失
D:\計算機程式期末project\Game\Source.cpp(436,35): warning C4305: '+=': 從 'double' 轉換為 'float'，是由較大的類型轉換為較小的類型，可能導致資料遺失
D:\計算機程式期末project\Game\Source.cpp(446,29): warning C4305: '+=': 從 'double' 轉換為 'float'，是由較大的類型轉換為較小的類型，可能導致資料遺失
D:\計算機程式期末project\Game\Source.cpp(474,25): warning C4305: '+=': 從 'double' 轉換為 'float'，是由較大的類型轉換為較小的類型，可能導致資料遺失
  Game.vcxproj -> D:\計算機程式期末project\Game\x64\Debug\Game.exe
